<?xml version="1.0" encoding="UTF-8"?>
<testng-results skipped="0" failed="0" total="1" passed="1">
  <reporter-output>
  </reporter-output>
  <suite name="Suite" duration-ms="20412" started-at="2016-07-12T16:05:41Z" finished-at="2016-07-12T16:06:01Z">
    <groups>
    </groups>
    <test name="Test" duration-ms="20412" started-at="2016-07-12T16:05:41Z" finished-at="2016-07-12T16:06:01Z">
      <class name="com.pack.tests.helloTest">
        <test-method status="PASS" signature="beforeClass()[pri:0, instance:com.pack.tests.helloTest@45e70a5a]" name="beforeClass" is-config="true" duration-ms="17" started-at="2016-07-12T21:35:41Z" finished-at="2016-07-12T21:35:41Z">
          <reporter-output>
          </reporter-output>
        </test-method> <!-- beforeClass -->
        <test-method status="PASS" signature="test12()[pri:0, instance:com.pack.tests.helloTest@45e70a5a]" name="test12" duration-ms="20285" started-at="2016-07-12T21:35:41Z" finished-at="2016-07-12T21:36:01Z">
          <reporter-output>
          </reporter-output>
        </test-method> <!-- test12 -->
        <test-method status="PASS" signature="afterClass()[pri:0, instance:com.pack.tests.helloTest@45e70a5a]" name="afterClass" is-config="true" duration-ms="94" started-at="2016-07-12T21:36:01Z" finished-at="2016-07-12T21:36:01Z">
          <reporter-output>
          </reporter-output>
        </test-method> <!-- afterClass -->
      </class> <!-- com.pack.tests.helloTest -->
    </test> <!-- Test -->
  </suite> <!-- Suite -->
</testng-results>
