<?xml version="1.0" encoding="UTF-8"?>
<testng-results skipped="0" failed="0" total="1" passed="1">
  <reporter-output>
  </reporter-output>
  <suite name="Default suite" duration-ms="16212" started-at="2016-07-12T16:04:27Z" finished-at="2016-07-12T16:04:43Z">
    <groups>
    </groups>
    <test name="Default test" duration-ms="16212" started-at="2016-07-12T16:04:27Z" finished-at="2016-07-12T16:04:43Z">
      <class name="com.pack.tests.helloTest">
        <test-method status="PASS" signature="beforeClass()[pri:0, instance:com.pack.tests.helloTest@7cc625e1]" name="beforeClass" is-config="true" duration-ms="14" started-at="2016-07-12T21:34:27Z" finished-at="2016-07-12T21:34:27Z">
          <reporter-output>
          </reporter-output>
        </test-method> <!-- beforeClass -->
        <test-method status="PASS" signature="test12()[pri:0, instance:com.pack.tests.helloTest@7cc625e1]" name="test12" duration-ms="16080" started-at="2016-07-12T21:34:27Z" finished-at="2016-07-12T21:34:43Z">
          <reporter-output>
          </reporter-output>
        </test-method> <!-- test12 -->
        <test-method status="PASS" signature="afterClass()[pri:0, instance:com.pack.tests.helloTest@7cc625e1]" name="afterClass" is-config="true" duration-ms="86" started-at="2016-07-12T21:34:43Z" finished-at="2016-07-12T21:34:43Z">
          <reporter-output>
          </reporter-output>
        </test-method> <!-- afterClass -->
      </class> <!-- com.pack.tests.helloTest -->
    </test> <!-- Default test -->
  </suite> <!-- Default suite -->
</testng-results>
